0 info it worked if it ends with ok
1 verbose cli [ '/usr/bin/node', '/usr/bin/npm', 'publish' ]
2 info using npm@3.5.2
3 info using node@v8.10.0
4 verbose publish [ '.' ]
5 silly cache add args [ '.', null ]
6 verbose cache add spec .
7 silly cache add parsed spec Result {
7 silly cache add   raw: '.',
7 silly cache add   scope: null,
7 silly cache add   name: null,
7 silly cache add   rawSpec: '.',
7 silly cache add   spec: '/home/porter/Dev/ec-quote-widgets',
7 silly cache add   type: 'directory' }
8 verbose addLocalDirectory /home/porter/.npm/ec-quote-widgets/1.0.29/package.tgz not in flight; packing
9 info lifecycle ec-quote-widgets@1.0.29~prepublish: ec-quote-widgets@1.0.29
10 silly lifecycle ec-quote-widgets@1.0.29~prepublish: no script for prepublish, continuing
11 verbose tar pack [ '/home/porter/.npm/ec-quote-widgets/1.0.29/package.tgz',
11 verbose tar pack   '/home/porter/Dev/ec-quote-widgets' ]
12 verbose tarball /home/porter/.npm/ec-quote-widgets/1.0.29/package.tgz
13 verbose folder /home/porter/Dev/ec-quote-widgets
14 verbose addLocalTarball adding from inside cache /home/porter/.npm/ec-quote-widgets/1.0.29/package.tgz
15 silly cache afterAdd ec-quote-widgets@1.0.29
16 verbose afterAdd /home/porter/.npm/ec-quote-widgets/1.0.29/package/package.json not in flight; writing
17 verbose afterAdd /home/porter/.npm/ec-quote-widgets/1.0.29/package/package.json written
18 silly publish { name: 'ec-quote-widgets',
18 silly publish   version: '1.0.29',
18 silly publish   description: 'Place Single Quote with large quotemarks surrounding the quote.',
18 silly publish   main: 'index.js',
18 silly publish   scripts: { test: 'echo "Error: no test specified" && exit 1' },
18 silly publish   repository:
18 silly publish    { type: 'git',
18 silly publish      url: 'git+https://github.com/earlhamcollege/ec-quote-widgets.git' },
18 silly publish   keywords: [ 'apostrophe-cms' ],
18 silly publish   author: { name: 'Porter Libby' },
18 silly publish   license: 'MIT',
18 silly publish   bugs:
18 silly publish    { url: 'https://github.com/earlhamcollege/ec-quote-widgets/issues' },
18 silly publish   homepage: 'https://github.com/earlhamcollege/ec-quote-widgets#readme',
18 silly publish   dependencies: { jquery: '^3.3.1', 'slick-carousel': '^1.8.1' },
18 silly publish   readme: '## QUOTE WIDGET\nAn [Apostrophe CMS](http://apostrophecms.org/) module to provide a quote block\nfor your content. A mandatory quote content region, along with two optional\nregions for an author name and any other author information that may be\nimportant to include. Supports using multiple quotes as an array, with a\nconfigurable rotation speed and optional control buttons.\n\n\n\n### GETTING STARTED\n#### Prerequisites\nIn order to use this module, you should have:\n- NPM\n- ApostropheCMS\n#### Installing\nFrom within your apostrophe project directory, run\n `npm install --save ec-quote-widgets`\n\nInclude widget in projects\' app.js file:\n\n```\n  modules: {\n    \'ec-quote-widgets\': {},\n    // ... other modules\n}\n```\n\n### Configuration\n#### Colors\nIn css/variables.less, colors are assigned to variable names like this:\n```\n@quote_author_color3: #861f41;\n@quote_author_color4: #6dc6e8;\n```\nThese hex values can be edited without impacting the functionality. These values\nare used to configure the background and content colors of the quote.\n\n\n### Screenshots\n![Alt text](https://i.postimg.cc/KjFtGNdk/ec-quote-widget_screenshot.png)\n\n### License\nThis project is licensed under the MIT License - see the LICENSE.md file for details.\n',
18 silly publish   readmeFilename: 'README.md',
18 silly publish   gitHead: '2bf82fa41bc066080bb60e685881a8b06b841698',
18 silly publish   _id: 'ec-quote-widgets@1.0.29',
18 silly publish   _shasum: 'c7e533221de5fe1f515090dc85e8bccdea1dcb9b',
18 silly publish   _from: '.' }
19 verbose getPublishConfig undefined
20 silly mapToRegistry name ec-quote-widgets
21 silly mapToRegistry using default registry
22 silly mapToRegistry registry https://registry.npmjs.org/
23 silly mapToRegistry uri https://registry.npmjs.org/ec-quote-widgets
24 verbose publish registryBase https://registry.npmjs.org/
25 silly publish uploading /home/porter/.npm/ec-quote-widgets/1.0.29/package.tgz
26 verbose request uri https://registry.npmjs.org/ec-quote-widgets
27 verbose request sending authorization for write operation
28 info attempt registry request try #1 at 4:46:57 PM
29 verbose request using bearer token for auth
30 verbose request id e84f375c20ca19c6
31 http request PUT https://registry.npmjs.org/ec-quote-widgets
32 http 403 https://registry.npmjs.org/ec-quote-widgets
33 verbose headers { date: 'Thu, 29 Nov 2018 21:46:58 GMT',
33 verbose headers   'content-type': 'application/json',
33 verbose headers   'transfer-encoding': 'chunked',
33 verbose headers   connection: 'keep-alive',
33 verbose headers   'set-cookie':
33 verbose headers    [ '__cfduid=ddbf867237b1a1433ea456a385cf71d831543528017; expires=Fri, 29-Nov-19 21:46:57 GMT; path=/; domain=.registry.npmjs.org; HttpOnly' ],
33 verbose headers   'cf-ray': '4818451ccfcfa627-IND',
33 verbose headers   'expect-ct': 'max-age=604800, report-uri="https://report-uri.cloudflare.com/cdn-cgi/beacon/expect-ct"',
33 verbose headers   vary: 'Accept-Encoding',
33 verbose headers   server: 'cloudflare',
33 verbose headers   'content-encoding': 'gzip' }
34 verbose request invalidating /home/porter/.npm/registry.npmjs.org/ec-quote-widgets on PUT
35 error publish Failed PUT 403
36 verbose stack Error: You cannot publish over the previously published versions: 1.0.29. : ec-quote-widgets
36 verbose stack     at makeError (/usr/share/npm/node_modules/npm-registry-client/lib/request.js:264:12)
36 verbose stack     at CachingRegistryClient.<anonymous> (/usr/share/npm/node_modules/npm-registry-client/lib/request.js:252:14)
36 verbose stack     at /usr/share/npm/node_modules/npm-registry-client/lib/request.js:178:7
36 verbose stack     at Gunzip.onEnd (zlib.js:131:5)
36 verbose stack     at emitNone (events.js:111:20)
36 verbose stack     at Gunzip.emit (events.js:208:7)
36 verbose stack     at endReadableNT (_stream_readable.js:1064:12)
36 verbose stack     at _combinedTickCallback (internal/process/next_tick.js:138:11)
36 verbose stack     at process._tickCallback (internal/process/next_tick.js:180:9)
37 verbose statusCode 403
38 verbose pkgid ec-quote-widgets
39 verbose cwd /home/porter/Dev/ec-quote-widgets
40 error Linux 4.15.0-39-generic
41 error argv "/usr/bin/node" "/usr/bin/npm" "publish"
42 error node v8.10.0
43 error npm  v3.5.2
44 error code E403
45 error You cannot publish over the previously published versions: 1.0.29. : ec-quote-widgets
46 error If you need help, you may report this error at:
46 error     <https://github.com/npm/npm/issues>
47 verbose exit [ 1, true ]
